20:58:55.551 [main] ERROR by.task.kukjan.reader.ShipFileReader - File path represents invalid file
20:58:55.556 [main] FATAL by.task.kukjan._main.Main - File path represents invalid file
21:05:22.242 [main] FATAL by.task.kukjan._main.Main - File src\main\resources\file\data.txt does not exist
21:25:41.746 [main] FATAL by.task.kukjan._main.Main - File src\main\resources\file\data.txt does not exist
21:25:57.181 [main] FATAL by.task.kukjan._main.Main - File ile/data.txt does not exist
21:26:09.058 [main] ERROR by.task.kukjan.reader.ShipFileReader - File path represents invalid file
21:26:09.061 [main] FATAL by.task.kukjan._main.Main - File path represents invalid file
21:31:36.001 [main] ERROR by.task.kukjan.reader.ShipFileReader - File path represents invalid file
21:31:36.005 [main] FATAL by.task.kukjan._main.Main - File path represents invalid file
21:35:09.126 [main] ERROR by.task.kukjan.reader.ShipFileReader - Error while reading file C:\Users\%d0%92%d0%be%d0%b6%d1%8b%d0%ba\Documents\IdeaProjects2\Epam\task5\target\classes\file\data.txt
21:35:09.129 [main] FATAL by.task.kukjan._main.Main - Error while reading file {}C:\Users\%d0%92%d0%be%d0%b6%d1%8b%d0%ba\Documents\IdeaProjects2\Epam\task5\target\classes\file\data.txt
21:36:21.463 [main] ERROR by.task.kukjan.reader.ShipFileReader - File path represents invalid file
21:36:21.465 [main] FATAL by.task.kukjan._main.Main - File path represents invalid file
20:52:00.099 [main] ERROR by.task.kukjan.reader.ShipFileReader - File "C:\Users\%d0%92%d0%be%d0%b6%d1%8b%d0%ba\Documents\IdeaProjects2\Epam\task5\target\classes\file\data.txt" doesn't exist in specified directory.
20:52:00.105 [main] FATAL by.task.kukjan._main.Main - File "C:\Users\%d0%92%d0%be%d0%b6%d1%8b%d0%ba\Documents\IdeaProjects2\Epam\task5\target\classes\file\data.txt" doesn't exist in specified directory.
20:52:51.531 [main] FATAL by.task.kukjan._main.Main - File data.txt does not exist
21:03:31.322 [main] INFO  by.task.kukjan.parser.ShipParser - Lines parsed successfully
21:03:31.329 [pool-2-thread-6] INFO  by.task.kukjan.entity.Ship - Ship 6 started unload
21:03:31.329 [pool-2-thread-3] INFO  by.task.kukjan.entity.Ship - Ship 3 started load
21:03:31.329 [pool-2-thread-8] INFO  by.task.kukjan.entity.Ship - Ship 8 started unload
21:03:31.330 [pool-2-thread-4] INFO  by.task.kukjan.entity.Ship - Ship 4 started unload
21:03:31.330 [pool-2-thread-7] INFO  by.task.kukjan.entity.Ship - Ship 7 started load
21:03:31.330 [pool-2-thread-5] INFO  by.task.kukjan.entity.Ship - Ship 5 started load
21:03:31.329 [pool-2-thread-9] INFO  by.task.kukjan.entity.Ship - Ship 9 started load
21:03:31.330 [pool-2-thread-2] INFO  by.task.kukjan.entity.Ship - Ship 2 started unload
21:03:31.329 [pool-2-thread-1] INFO  by.task.kukjan.entity.Ship - Ship 1 started load
21:03:31.331 [pool-2-thread-10] INFO  by.task.kukjan.entity.Ship - Ship 10 started unload
21:03:31.387 [pool-2-thread-5] INFO  by.task.kukjan.entity.Port - Start obtaining pier
21:03:31.387 [pool-2-thread-9] INFO  by.task.kukjan.entity.Port - Start obtaining pier
21:03:31.388 [pool-2-thread-1] INFO  by.task.kukjan.entity.Port - Start obtaining pier
21:03:31.387 [pool-2-thread-6] INFO  by.task.kukjan.entity.Port - Start obtaining pier
21:03:31.388 [pool-2-thread-5] INFO  by.task.kukjan.entity.Port - Obtained pier 7
21:03:31.387 [pool-2-thread-8] INFO  by.task.kukjan.entity.Port - Start obtaining pier
21:03:31.387 [pool-2-thread-2] INFO  by.task.kukjan.entity.Port - Start obtaining pier
21:03:31.387 [pool-2-thread-3] INFO  by.task.kukjan.entity.Port - Start obtaining pier
21:03:31.389 [pool-2-thread-9] INFO  by.task.kukjan.entity.Port - Obtained pier 6
21:03:31.389 [pool-2-thread-5] INFO  by.task.kukjan.entity.Pier - Pier 7 processes ship 5:Started
21:03:31.389 [pool-2-thread-4] INFO  by.task.kukjan.entity.Port - Start obtaining pier
21:03:31.389 [pool-2-thread-1] INFO  by.task.kukjan.entity.Port - Obtained pier 5
21:03:31.389 [pool-2-thread-9] INFO  by.task.kukjan.entity.Pier - Pier 6 processes ship 9:Started
21:03:31.389 [pool-2-thread-6] INFO  by.task.kukjan.entity.Port - Obtained pier 4
21:03:31.389 [pool-2-thread-1] INFO  by.task.kukjan.entity.Pier - Pier 5 processes ship 1:Started
21:03:31.389 [pool-2-thread-6] INFO  by.task.kukjan.entity.Pier - Pier 4 processes ship 6:Started
21:03:31.389 [pool-2-thread-8] INFO  by.task.kukjan.entity.Port - Obtained pier 3
21:03:31.390 [pool-2-thread-2] INFO  by.task.kukjan.entity.Port - Obtained pier 2
21:03:31.390 [pool-2-thread-10] INFO  by.task.kukjan.entity.Port - Start obtaining pier
21:03:31.390 [pool-2-thread-2] INFO  by.task.kukjan.entity.Pier - Pier 2 processes ship 2:Started
21:03:31.390 [pool-2-thread-8] INFO  by.task.kukjan.entity.Pier - Pier 3 processes ship 8:Started
21:03:31.390 [pool-2-thread-7] INFO  by.task.kukjan.entity.Port - Start obtaining pier
21:03:31.390 [pool-2-thread-3] INFO  by.task.kukjan.entity.Port - Obtained pier 1
21:03:31.391 [pool-2-thread-3] INFO  by.task.kukjan.entity.Pier - Pier 1 processes ship 3:Started
21:03:31.391 [pool-2-thread-4] INFO  by.task.kukjan.entity.Port - Waiting for pier
21:03:31.392 [pool-2-thread-10] INFO  by.task.kukjan.entity.Port - Waiting for pier
21:03:31.392 [pool-2-thread-7] INFO  by.task.kukjan.entity.Port - Waiting for pier
21:03:31.491 [pool-2-thread-5] INFO  by.task.kukjan.entity.Port - Start load
21:03:31.491 [pool-2-thread-5] INFO  by.task.kukjan.entity.Port - Complete load, container amount: 2
21:03:31.491 [pool-2-thread-5] INFO  by.task.kukjan.entity.Pier - Pier 7 processed ship 5 : Complete
21:03:31.492 [pool-2-thread-5] INFO  by.task.kukjan.entity.Port - Pier released
21:03:31.492 [pool-2-thread-4] INFO  by.task.kukjan.entity.Port - Obtained pier 7
21:03:31.492 [pool-2-thread-5] INFO  by.task.kukjan.entity.Ship - EXIT: Ship 5 ended load
21:03:31.492 [pool-2-thread-4] INFO  by.task.kukjan.entity.Pier - Pier 7 processes ship 4:Started
21:03:31.499 [pool-2-thread-3] INFO  by.task.kukjan.entity.Port - Start load
21:03:31.499 [pool-2-thread-3] INFO  by.task.kukjan.entity.Port - Complete load, container amount: 1
21:03:31.500 [pool-2-thread-3] INFO  by.task.kukjan.entity.Pier - Pier 1 processed ship 3 : Complete
21:03:31.500 [pool-2-thread-3] INFO  by.task.kukjan.entity.Port - Pier released
21:03:31.500 [pool-2-thread-8] INFO  by.task.kukjan.entity.Port - Start unload
21:03:31.500 [pool-2-thread-3] INFO  by.task.kukjan.entity.Ship - EXIT: Ship 3 ended load
21:03:31.500 [pool-2-thread-10] INFO  by.task.kukjan.entity.Port - Obtained pier 1
21:03:31.501 [pool-2-thread-10] INFO  by.task.kukjan.entity.Pier - Pier 1 processes ship 10:Started
21:03:31.500 [pool-2-thread-8] INFO  by.task.kukjan.entity.Port - Complete load, container amount: 2
21:03:31.501 [pool-2-thread-8] INFO  by.task.kukjan.entity.Pier - Pier 3 processed ship 8 : Complete
21:03:31.502 [pool-2-thread-8] INFO  by.task.kukjan.entity.Port - Pier released
21:03:31.502 [pool-2-thread-8] INFO  by.task.kukjan.entity.Ship - EXIT: Ship 8 ended unload
21:03:31.502 [pool-2-thread-2] INFO  by.task.kukjan.entity.Port - Start unload
21:03:31.504 [pool-2-thread-7] INFO  by.task.kukjan.entity.Port - Obtained pier 3
21:03:31.504 [pool-2-thread-2] INFO  by.task.kukjan.entity.Port - Complete load, container amount: 3
21:03:31.505 [pool-2-thread-7] INFO  by.task.kukjan.entity.Pier - Pier 3 processes ship 7:Started
21:03:31.505 [pool-2-thread-2] INFO  by.task.kukjan.entity.Pier - Pier 2 processed ship 2 : Complete
21:03:31.505 [pool-2-thread-6] INFO  by.task.kukjan.entity.Port - Start unload
21:03:31.505 [pool-2-thread-2] INFO  by.task.kukjan.entity.Port - Pier released
21:03:31.505 [pool-2-thread-6] INFO  by.task.kukjan.entity.Port - Complete load, container amount: 4
21:03:31.505 [pool-2-thread-2] INFO  by.task.kukjan.entity.Ship - EXIT: Ship 2 ended unload
21:03:31.505 [pool-2-thread-1] INFO  by.task.kukjan.entity.Port - Start load
21:03:31.505 [pool-2-thread-6] INFO  by.task.kukjan.entity.Pier - Pier 4 processed ship 6 : Complete
21:03:31.505 [pool-2-thread-1] INFO  by.task.kukjan.entity.Port - Complete load, container amount: 3
21:03:31.505 [pool-2-thread-6] INFO  by.task.kukjan.entity.Port - Pier released
21:03:31.506 [pool-2-thread-9] INFO  by.task.kukjan.entity.Port - Start load
21:03:31.506 [pool-2-thread-1] INFO  by.task.kukjan.entity.Pier - Pier 5 processed ship 1 : Complete
21:03:31.506 [pool-2-thread-6] INFO  by.task.kukjan.entity.Ship - EXIT: Ship 6 ended unload
21:03:31.506 [pool-2-thread-1] INFO  by.task.kukjan.entity.Port - Pier released
21:03:31.506 [pool-2-thread-9] INFO  by.task.kukjan.entity.Port - Complete load, container amount: 2
21:03:31.506 [pool-2-thread-1] INFO  by.task.kukjan.entity.Ship - EXIT: Ship 1 ended load
21:03:31.506 [pool-2-thread-9] INFO  by.task.kukjan.entity.Pier - Pier 6 processed ship 9 : Complete
21:03:31.506 [pool-2-thread-9] INFO  by.task.kukjan.entity.Port - Pier released
21:03:31.506 [pool-2-thread-9] INFO  by.task.kukjan.entity.Ship - EXIT: Ship 9 ended load
21:03:31.593 [pool-2-thread-4] INFO  by.task.kukjan.entity.Port - Start unload
21:03:31.593 [pool-2-thread-4] INFO  by.task.kukjan.entity.Port - Complete load, container amount: 3
21:03:31.593 [pool-2-thread-4] INFO  by.task.kukjan.entity.Pier - Pier 7 processed ship 4 : Complete
21:03:31.593 [pool-2-thread-4] INFO  by.task.kukjan.entity.Port - Pier released
21:03:31.593 [pool-2-thread-4] INFO  by.task.kukjan.entity.Ship - EXIT: Ship 4 ended unload
21:03:31.601 [pool-2-thread-10] INFO  by.task.kukjan.entity.Port - Start unload
21:03:31.601 [pool-2-thread-10] INFO  by.task.kukjan.entity.Port - Complete load, container amount: 4
21:03:31.601 [pool-2-thread-10] INFO  by.task.kukjan.entity.Pier - Pier 1 processed ship 10 : Complete
21:03:31.601 [pool-2-thread-10] INFO  by.task.kukjan.entity.Port - Pier released
21:03:31.601 [pool-2-thread-10] INFO  by.task.kukjan.entity.Ship - EXIT: Ship 10 ended unload
21:03:31.605 [pool-2-thread-7] INFO  by.task.kukjan.entity.Port - Start load
21:03:31.605 [pool-2-thread-7] INFO  by.task.kukjan.entity.Port - Complete load, container amount: 3
21:03:31.605 [pool-2-thread-7] INFO  by.task.kukjan.entity.Pier - Pier 3 processed ship 7 : Complete
21:03:31.605 [pool-2-thread-7] INFO  by.task.kukjan.entity.Port - Pier released
21:03:31.605 [pool-2-thread-7] INFO  by.task.kukjan.entity.Ship - EXIT: Ship 7 ended load
21:03:31.887 [Timer-0] DEBUG by.task.kukjan.entity.Port - Timer
21:03:32.092 [Timer-0] DEBUG by.task.kukjan.entity.Port - Timer
21:03:32.295 [Timer-0] DEBUG by.task.kukjan.entity.Port - Timer
21:03:32.501 [Timer-0] DEBUG by.task.kukjan.entity.Port - Timer
21:03:32.704 [Timer-0] DEBUG by.task.kukjan.entity.Port - Timer
21:03:32.910 [Timer-0] DEBUG by.task.kukjan.entity.Port - Timer
21:03:33.114 [Timer-0] DEBUG by.task.kukjan.entity.Port - Timer
21:03:33.317 [Timer-0] DEBUG by.task.kukjan.entity.Port - Timer
21:03:33.522 [Timer-0] DEBUG by.task.kukjan.entity.Port - Timer
21:03:33.727 [Timer-0] DEBUG by.task.kukjan.entity.Port - Timer
21:03:33.931 [Timer-0] DEBUG by.task.kukjan.entity.Port - Timer
21:03:34.134 [Timer-0] DEBUG by.task.kukjan.entity.Port - Timer
21:03:34.337 [Timer-0] DEBUG by.task.kukjan.entity.Port - Timer
21:03:34.539 [Timer-0] DEBUG by.task.kukjan.entity.Port - Timer
21:03:34.740 [Timer-0] DEBUG by.task.kukjan.entity.Port - Timer
21:03:34.948 [Timer-0] DEBUG by.task.kukjan.entity.Port - Timer
21:03:35.153 [Timer-0] DEBUG by.task.kukjan.entity.Port - Timer
21:03:35.357 [Timer-0] DEBUG by.task.kukjan.entity.Port - Timer
21:03:35.573 [Timer-0] DEBUG by.task.kukjan.entity.Port - Timer
21:03:35.777 [Timer-0] DEBUG by.task.kukjan.entity.Port - Timer
21:03:35.978 [Timer-0] DEBUG by.task.kukjan.entity.Port - Timer
21:03:36.185 [Timer-0] DEBUG by.task.kukjan.entity.Port - Timer
21:03:36.386 [Timer-0] DEBUG by.task.kukjan.entity.Port - Timer
21:03:36.589 [Timer-0] DEBUG by.task.kukjan.entity.Port - Timer
21:03:36.789 [Timer-0] DEBUG by.task.kukjan.entity.Port - Timer
21:03:36.992 [Timer-0] DEBUG by.task.kukjan.entity.Port - Timer
21:03:37.193 [Timer-0] DEBUG by.task.kukjan.entity.Port - Timer
21:03:37.398 [Timer-0] DEBUG by.task.kukjan.entity.Port - Timer
21:03:37.600 [Timer-0] DEBUG by.task.kukjan.entity.Port - Timer
21:03:37.802 [Timer-0] DEBUG by.task.kukjan.entity.Port - Timer
21:03:38.008 [Timer-0] DEBUG by.task.kukjan.entity.Port - Timer
21:03:38.214 [Timer-0] DEBUG by.task.kukjan.entity.Port - Timer
21:03:38.417 [Timer-0] DEBUG by.task.kukjan.entity.Port - Timer
21:03:38.622 [Timer-0] DEBUG by.task.kukjan.entity.Port - Timer
21:03:38.826 [Timer-0] DEBUG by.task.kukjan.entity.Port - Timer
21:03:39.031 [Timer-0] DEBUG by.task.kukjan.entity.Port - Timer
21:03:39.236 [Timer-0] DEBUG by.task.kukjan.entity.Port - Timer
21:03:39.439 [Timer-0] DEBUG by.task.kukjan.entity.Port - Timer
21:03:39.643 [Timer-0] DEBUG by.task.kukjan.entity.Port - Timer
21:03:39.846 [Timer-0] DEBUG by.task.kukjan.entity.Port - Timer
21:03:40.050 [Timer-0] DEBUG by.task.kukjan.entity.Port - Timer
21:03:40.254 [Timer-0] DEBUG by.task.kukjan.entity.Port - Timer
21:03:40.458 [Timer-0] DEBUG by.task.kukjan.entity.Port - Timer
21:03:40.661 [Timer-0] DEBUG by.task.kukjan.entity.Port - Timer
21:03:40.864 [Timer-0] DEBUG by.task.kukjan.entity.Port - Timer
21:03:41.069 [Timer-0] DEBUG by.task.kukjan.entity.Port - Timer
21:03:41.274 [Timer-0] DEBUG by.task.kukjan.entity.Port - Timer
21:03:41.477 [Timer-0] DEBUG by.task.kukjan.entity.Port - Timer
21:03:41.681 [Timer-0] DEBUG by.task.kukjan.entity.Port - Timer
21:03:41.884 [Timer-0] DEBUG by.task.kukjan.entity.Port - Timer
21:03:42.088 [Timer-0] DEBUG by.task.kukjan.entity.Port - Timer
21:03:42.295 [Timer-0] DEBUG by.task.kukjan.entity.Port - Timer
21:03:42.498 [Timer-0] DEBUG by.task.kukjan.entity.Port - Timer
21:03:42.702 [Timer-0] DEBUG by.task.kukjan.entity.Port - Timer
21:03:42.906 [Timer-0] DEBUG by.task.kukjan.entity.Port - Timer
21:03:43.111 [Timer-0] DEBUG by.task.kukjan.entity.Port - Timer
21:03:43.317 [Timer-0] DEBUG by.task.kukjan.entity.Port - Timer
21:03:43.523 [Timer-0] DEBUG by.task.kukjan.entity.Port - Timer
21:03:43.726 [Timer-0] DEBUG by.task.kukjan.entity.Port - Timer
21:03:43.931 [Timer-0] DEBUG by.task.kukjan.entity.Port - Timer
21:03:44.135 [Timer-0] DEBUG by.task.kukjan.entity.Port - Timer
21:03:44.340 [Timer-0] DEBUG by.task.kukjan.entity.Port - Timer
21:03:44.544 [Timer-0] DEBUG by.task.kukjan.entity.Port - Timer
21:03:44.748 [Timer-0] DEBUG by.task.kukjan.entity.Port - Timer
21:03:44.951 [Timer-0] DEBUG by.task.kukjan.entity.Port - Timer
21:03:45.156 [Timer-0] DEBUG by.task.kukjan.entity.Port - Timer
21:03:45.360 [Timer-0] DEBUG by.task.kukjan.entity.Port - Timer
21:03:45.563 [Timer-0] DEBUG by.task.kukjan.entity.Port - Timer
21:03:45.765 [Timer-0] DEBUG by.task.kukjan.entity.Port - Timer
21:03:45.970 [Timer-0] DEBUG by.task.kukjan.entity.Port - Timer
21:03:46.173 [Timer-0] DEBUG by.task.kukjan.entity.Port - Timer
21:03:46.376 [Timer-0] DEBUG by.task.kukjan.entity.Port - Timer
21:03:46.577 [Timer-0] DEBUG by.task.kukjan.entity.Port - Timer
21:03:46.777 [Timer-0] DEBUG by.task.kukjan.entity.Port - Timer
21:03:46.985 [Timer-0] DEBUG by.task.kukjan.entity.Port - Timer
21:03:47.189 [Timer-0] DEBUG by.task.kukjan.entity.Port - Timer
